<?xml version="1.0" encoding="UTF-8"?>
<coverage generated="1631570616487" clover="3.2.0">
  <project timestamp="1631570616487" name="All files">
    <metrics statements="26" coveredstatements="8" conditionals="1" coveredconditionals="1" methods="3" coveredmethods="1" elements="30" coveredelements="10" complexity="0" loc="26" ncloc="26" packages="1" files="1" classes="1"/>
    <file name="util.js" path="C:\Users\Deposito\Desktop\CTD\testing1\js-testing-introduction\util.js">
      <metrics statements="26" coveredstatements="8" conditionals="1" coveredconditionals="1" methods="3" coveredmethods="1"/>
      <line num="1" count="1" type="cond" truecount="1" falsecount="0"/>
      <line num="2" count="3" type="stmt"/>
      <line num="3" count="3" type="stmt"/>
      <line num="4" count="3" type="stmt"/>
      <line num="5" count="1" type="stmt"/>
      <line num="6" count="1" type="stmt"/>
      <line num="7" count="0" type="stmt"/>
      <line num="8" count="0" type="stmt"/>
      <line num="9" count="0" type="stmt"/>
      <line num="10" count="0" type="stmt"/>
      <line num="11" count="0" type="stmt"/>
      <line num="12" count="0" type="stmt"/>
      <line num="13" count="1" type="stmt"/>
      <line num="14" count="1" type="stmt"/>
      <line num="15" count="0" type="stmt"/>
      <line num="16" count="0" type="stmt"/>
      <line num="17" count="0" type="stmt"/>
      <line num="18" count="0" type="stmt"/>
      <line num="19" count="0" type="stmt"/>
      <line num="20" count="0" type="stmt"/>
      <line num="21" count="0" type="stmt"/>
      <line num="22" count="0" type="stmt"/>
      <line num="23" count="0" type="stmt"/>
      <line num="24" count="0" type="stmt"/>
      <line num="25" count="0" type="stmt"/>
      <line num="26" count="0" type="stmt"/>
    </file>
  </project>
</coverage>
