TN:
SF:util.js
FN:1,Object.<anonymous>.exports.generateText
FN:6,Object.<anonymous>.exports.createElement
FN:14,Object.<anonymous>.exports.validateInput
FNF:3
FNH:1
FNDA:3,Object.<anonymous>.exports.generateText
FNDA:0,Object.<anonymous>.exports.createElement
FNDA:0,Object.<anonymous>.exports.validateInput
DA:1,1
DA:2,3
DA:3,3
DA:4,3
DA:5,1
DA:6,1
DA:7,0
DA:8,0
DA:9,0
DA:10,0
DA:11,0
DA:12,0
DA:13,1
DA:14,1
DA:15,0
DA:16,0
DA:17,0
DA:18,0
DA:19,0
DA:20,0
DA:21,0
DA:22,0
DA:23,0
DA:24,0
DA:25,0
DA:26,0
LF:26
LH:8
BRDA:1,0,0,3
BRF:1
BRH:1
end_of_record
